Start testing: Jul 06 06:57 UTC
----------------------------------------------------------
1/34 Testing: malloc_1.Sanity
1/34 Test: malloc_1.Sanity
Command: "/home/student/Wet/HW4/build/tests/malloc_1_test" "Sanity"
Directory: /home/student/Wet/HW4/build/tests
"malloc_1.Sanity" start time: Jul 06 06:57 UTC
Output:
----------------------------------------------------------
Filters: Sanity
Randomness seeded to: 189223773
===============================================================================
All tests passed (2 assertions in 1 test case)

<end of output>
Test time =   0.02 sec
----------------------------------------------------------
Test Passed.
"malloc_1.Sanity" end time: Jul 06 06:57 UTC
"malloc_1.Sanity" time elapsed: 00:00:00
----------------------------------------------------------

2/34 Testing: malloc_1.Check size
2/34 Test: malloc_1.Check size
Command: "/home/student/Wet/HW4/build/tests/malloc_1_test" "Check size"
Directory: /home/student/Wet/HW4/build/tests
"malloc_1.Check size" start time: Jul 06 06:57 UTC
Output:
----------------------------------------------------------
Filters: Check size
Randomness seeded to: 1416748129
===============================================================================
All tests passed (6 assertions in 1 test case)

<end of output>
Test time =   0.00 sec
----------------------------------------------------------
Test Passed.
"malloc_1.Check size" end time: Jul 06 06:57 UTC
"malloc_1.Check size" time elapsed: 00:00:00
----------------------------------------------------------

3/34 Testing: malloc_1.0 size
3/34 Test: malloc_1.0 size
Command: "/home/student/Wet/HW4/build/tests/malloc_1_test" "0 size"
Directory: /home/student/Wet/HW4/build/tests
"malloc_1.0 size" start time: Jul 06 06:57 UTC
Output:
----------------------------------------------------------
Filters: 0 size
Randomness seeded to: 3913304875
===============================================================================
All tests passed (2 assertions in 1 test case)

<end of output>
Test time =   0.01 sec
----------------------------------------------------------
Test Passed.
"malloc_1.0 size" end time: Jul 06 06:57 UTC
"malloc_1.0 size" time elapsed: 00:00:00
----------------------------------------------------------

4/34 Testing: malloc_1.Max size
4/34 Test: malloc_1.Max size
Command: "/home/student/Wet/HW4/build/tests/malloc_1_test" "Max size"
Directory: /home/student/Wet/HW4/build/tests
"malloc_1.Max size" start time: Jul 06 06:57 UTC
Output:
----------------------------------------------------------
Filters: Max size
Randomness seeded to: 1686770395
===============================================================================
All tests passed (4 assertions in 1 test case)

<end of output>
Test time =   0.00 sec
----------------------------------------------------------
Test Passed.
"malloc_1.Max size" end time: Jul 06 06:57 UTC
"malloc_1.Max size" time elapsed: 00:00:00
----------------------------------------------------------

5/34 Testing: malloc_2.Sanity
5/34 Test: malloc_2.Sanity
Command: "/home/student/Wet/HW4/build/tests/malloc_2_test" "Sanity"
Directory: /home/student/Wet/HW4/build/tests
"malloc_2.Sanity" start time: Jul 06 06:57 UTC
Output:
----------------------------------------------------------
Filters: Sanity
Randomness seeded to: 1767736536
===============================================================================
All tests passed (19 assertions in 1 test case)

<end of output>
Test time =   0.01 sec
----------------------------------------------------------
Test Passed.
"malloc_2.Sanity" end time: Jul 06 06:57 UTC
"malloc_2.Sanity" time elapsed: 00:00:00
----------------------------------------------------------

6/34 Testing: malloc_2.Check size
6/34 Test: malloc_2.Check size
Command: "/home/student/Wet/HW4/build/tests/malloc_2_test" "Check size"
Directory: /home/student/Wet/HW4/build/tests
"malloc_2.Check size" start time: Jul 06 06:57 UTC
Output:
----------------------------------------------------------
Filters: Check size
Randomness seeded to: 3453367487
===============================================================================
All tests passed (33 assertions in 1 test case)

<end of output>
Test time =   0.01 sec
----------------------------------------------------------
Test Passed.
"malloc_2.Check size" end time: Jul 06 06:57 UTC
"malloc_2.Check size" time elapsed: 00:00:00
----------------------------------------------------------

7/34 Testing: malloc_2.0 size
7/34 Test: malloc_2.0 size
Command: "/home/student/Wet/HW4/build/tests/malloc_2_test" "0 size"
Directory: /home/student/Wet/HW4/build/tests
"malloc_2.0 size" start time: Jul 06 06:57 UTC
Output:
----------------------------------------------------------
Filters: 0 size
Randomness seeded to: 38938751
===============================================================================
All tests passed (13 assertions in 1 test case)

<end of output>
Test time =   0.00 sec
----------------------------------------------------------
Test Passed.
"malloc_2.0 size" end time: Jul 06 06:57 UTC
"malloc_2.0 size" time elapsed: 00:00:00
----------------------------------------------------------

8/34 Testing: malloc_2.Max size
8/34 Test: malloc_2.Max size
Command: "/home/student/Wet/HW4/build/tests/malloc_2_test" "Max size"
Directory: /home/student/Wet/HW4/build/tests
"malloc_2.Max size" start time: Jul 06 06:57 UTC
Output:
----------------------------------------------------------
Filters: Max size
Randomness seeded to: 3889794896
===============================================================================
All tests passed (27 assertions in 1 test case)

<end of output>
Test time =   0.01 sec
----------------------------------------------------------
Test Passed.
"malloc_2.Max size" end time: Jul 06 06:57 UTC
"malloc_2.Max size" time elapsed: 00:00:00
----------------------------------------------------------

9/34 Testing: malloc_2.free
9/34 Test: malloc_2.free
Command: "/home/student/Wet/HW4/build/tests/malloc_2_test" "free"
Directory: /home/student/Wet/HW4/build/tests
"malloc_2.free" start time: Jul 06 06:57 UTC
Output:
----------------------------------------------------------
Filters: free
Randomness seeded to: 1793584632
===============================================================================
All tests passed (59 assertions in 1 test case)

<end of output>
Test time =   0.00 sec
----------------------------------------------------------
Test Passed.
"malloc_2.free" end time: Jul 06 06:57 UTC
"malloc_2.free" time elapsed: 00:00:00
----------------------------------------------------------

10/34 Testing: malloc_2.free 2
10/34 Test: malloc_2.free 2
Command: "/home/student/Wet/HW4/build/tests/malloc_2_test" "free 2"
Directory: /home/student/Wet/HW4/build/tests
"malloc_2.free 2" start time: Jul 06 06:57 UTC
Output:
----------------------------------------------------------
Filters: free 2
Randomness seeded to: 1216972545
===============================================================================
All tests passed (59 assertions in 1 test case)

<end of output>
Test time =   0.01 sec
----------------------------------------------------------
Test Passed.
"malloc_2.free 2" end time: Jul 06 06:57 UTC
"malloc_2.free 2" time elapsed: 00:00:00
----------------------------------------------------------

11/34 Testing: malloc_2.free 3
11/34 Test: malloc_2.free 3
Command: "/home/student/Wet/HW4/build/tests/malloc_2_test" "free 3"
Directory: /home/student/Wet/HW4/build/tests
"malloc_2.free 3" start time: Jul 06 06:57 UTC
Output:
----------------------------------------------------------
Filters: free 3
Randomness seeded to: 2161368881
===============================================================================
All tests passed (59 assertions in 1 test case)

<end of output>
Test time =   0.00 sec
----------------------------------------------------------
Test Passed.
"malloc_2.free 3" end time: Jul 06 06:57 UTC
"malloc_2.free 3" time elapsed: 00:00:00
----------------------------------------------------------

12/34 Testing: malloc_2.Reuse
12/34 Test: malloc_2.Reuse
Command: "/home/student/Wet/HW4/build/tests/malloc_2_test" "Reuse"
Directory: /home/student/Wet/HW4/build/tests
"malloc_2.Reuse" start time: Jul 06 06:57 UTC
Output:
----------------------------------------------------------
Filters: Reuse
Randomness seeded to: 1931164473
===============================================================================
All tests passed (32 assertions in 1 test case)

<end of output>
Test time =   0.01 sec
----------------------------------------------------------
Test Passed.
"malloc_2.Reuse" end time: Jul 06 06:57 UTC
"malloc_2.Reuse" time elapsed: 00:00:00
----------------------------------------------------------

13/34 Testing: malloc_2.Reuse two blocks
13/34 Test: malloc_2.Reuse two blocks
Command: "/home/student/Wet/HW4/build/tests/malloc_2_test" "Reuse two blocks"
Directory: /home/student/Wet/HW4/build/tests
"malloc_2.Reuse two blocks" start time: Jul 06 06:57 UTC
Output:
----------------------------------------------------------
Filters: Reuse two blocks
Randomness seeded to: 3800345912
===============================================================================
All tests passed (46 assertions in 1 test case)

<end of output>
Test time =   0.01 sec
----------------------------------------------------------
Test Passed.
"malloc_2.Reuse two blocks" end time: Jul 06 06:57 UTC
"malloc_2.Reuse two blocks" time elapsed: 00:00:00
----------------------------------------------------------

14/34 Testing: malloc_2.Reuse two blocks reverse
14/34 Test: malloc_2.Reuse two blocks reverse
Command: "/home/student/Wet/HW4/build/tests/malloc_2_test" "Reuse two blocks reverse"
Directory: /home/student/Wet/HW4/build/tests
"malloc_2.Reuse two blocks reverse" start time: Jul 06 06:57 UTC
Output:
----------------------------------------------------------
Filters: Reuse two blocks reverse
Randomness seeded to: 2462525106
===============================================================================
All tests passed (46 assertions in 1 test case)

<end of output>
Test time =   0.01 sec
----------------------------------------------------------
Test Passed.
"malloc_2.Reuse two blocks reverse" end time: Jul 06 06:57 UTC
"malloc_2.Reuse two blocks reverse" time elapsed: 00:00:00
----------------------------------------------------------

15/34 Testing: malloc_2.Reuse two blocks both
15/34 Test: malloc_2.Reuse two blocks both
Command: "/home/student/Wet/HW4/build/tests/malloc_2_test" "Reuse two blocks both"
Directory: /home/student/Wet/HW4/build/tests
"malloc_2.Reuse two blocks both" start time: Jul 06 06:57 UTC
Output:
----------------------------------------------------------
Filters: Reuse two blocks both
Randomness seeded to: 449023684
===============================================================================
All tests passed (46 assertions in 1 test case)

<end of output>
Test time =   0.01 sec
----------------------------------------------------------
Test Passed.
"malloc_2.Reuse two blocks both" end time: Jul 06 06:57 UTC
"malloc_2.Reuse two blocks both" time elapsed: 00:00:00
----------------------------------------------------------

16/34 Testing: malloc_2.Reuse two blocks sizes small
16/34 Test: malloc_2.Reuse two blocks sizes small
Command: "/home/student/Wet/HW4/build/tests/malloc_2_test" "Reuse two blocks sizes small"
Directory: /home/student/Wet/HW4/build/tests
"malloc_2.Reuse two blocks sizes small" start time: Jul 06 06:57 UTC
Output:
----------------------------------------------------------
Filters: Reuse two blocks sizes small
Randomness seeded to: 1210609254
===============================================================================
All tests passed (46 assertions in 1 test case)

<end of output>
Test time =   0.01 sec
----------------------------------------------------------
Test Passed.
"malloc_2.Reuse two blocks sizes small" end time: Jul 06 06:57 UTC
"malloc_2.Reuse two blocks sizes small" time elapsed: 00:00:00
----------------------------------------------------------

17/34 Testing: malloc_2.Reuse two blocks sizes large
17/34 Test: malloc_2.Reuse two blocks sizes large
Command: "/home/student/Wet/HW4/build/tests/malloc_2_test" "Reuse two blocks sizes large"
Directory: /home/student/Wet/HW4/build/tests
"malloc_2.Reuse two blocks sizes large" start time: Jul 06 06:57 UTC
Output:
----------------------------------------------------------
Filters: Reuse two blocks sizes large
Randomness seeded to: 1051759953
===============================================================================
All tests passed (46 assertions in 1 test case)

<end of output>
Test time =   0.00 sec
----------------------------------------------------------
Test Passed.
"malloc_2.Reuse two blocks sizes large" end time: Jul 06 06:57 UTC
"malloc_2.Reuse two blocks sizes large" time elapsed: 00:00:00
----------------------------------------------------------

18/34 Testing: malloc_2.scalloc
18/34 Test: malloc_2.scalloc
Command: "/home/student/Wet/HW4/build/tests/malloc_2_test" "scalloc"
Directory: /home/student/Wet/HW4/build/tests
"malloc_2.scalloc" start time: Jul 06 06:57 UTC
Output:
----------------------------------------------------------
Filters: scalloc
Randomness seeded to: 3453504155
===============================================================================
All tests passed (51 assertions in 1 test case)

<end of output>
Test time =   0.01 sec
----------------------------------------------------------
Test Passed.
"malloc_2.scalloc" end time: Jul 06 06:57 UTC
"malloc_2.scalloc" time elapsed: 00:00:00
----------------------------------------------------------

19/34 Testing: malloc_2.scalloc taint
19/34 Test: malloc_2.scalloc taint
Command: "/home/student/Wet/HW4/build/tests/malloc_2_test" "scalloc taint"
Directory: /home/student/Wet/HW4/build/tests
"malloc_2.scalloc taint" start time: Jul 06 06:57 UTC
Output:
----------------------------------------------------------
Filters: scalloc taint
Randomness seeded to: 316398979
===============================================================================
All tests passed (232 assertions in 1 test case)

<end of output>
Test time =   0.01 sec
----------------------------------------------------------
Test Passed.
"malloc_2.scalloc taint" end time: Jul 06 06:57 UTC
"malloc_2.scalloc taint" time elapsed: 00:00:00
----------------------------------------------------------

20/34 Testing: malloc_2.scalloc 0 size
20/34 Test: malloc_2.scalloc 0 size
Command: "/home/student/Wet/HW4/build/tests/malloc_2_test" "scalloc 0 size"
Directory: /home/student/Wet/HW4/build/tests
"malloc_2.scalloc 0 size" start time: Jul 06 06:57 UTC
Output:
----------------------------------------------------------
Filters: scalloc 0 size
Randomness seeded to: 4062718190
===============================================================================
All tests passed (21 assertions in 1 test case)

<end of output>
Test time =   0.00 sec
----------------------------------------------------------
Test Passed.
"malloc_2.scalloc 0 size" end time: Jul 06 06:57 UTC
"malloc_2.scalloc 0 size" time elapsed: 00:00:00
----------------------------------------------------------

21/34 Testing: malloc_2.scalloc Max size num
21/34 Test: malloc_2.scalloc Max size num
Command: "/home/student/Wet/HW4/build/tests/malloc_2_test" "scalloc Max size num"
Directory: /home/student/Wet/HW4/build/tests
"malloc_2.scalloc Max size num" start time: Jul 06 06:57 UTC
Output:
----------------------------------------------------------
Filters: scalloc Max size num
Randomness seeded to: 1545461237
===============================================================================
All tests passed (27 assertions in 1 test case)

<end of output>
Test time =   0.17 sec
----------------------------------------------------------
Test Passed.
"malloc_2.scalloc Max size num" end time: Jul 06 06:57 UTC
"malloc_2.scalloc Max size num" time elapsed: 00:00:00
----------------------------------------------------------

22/34 Testing: malloc_2.scalloc Max size size
22/34 Test: malloc_2.scalloc Max size size
Command: "/home/student/Wet/HW4/build/tests/malloc_2_test" "scalloc Max size size"
Directory: /home/student/Wet/HW4/build/tests
"malloc_2.scalloc Max size size" start time: Jul 06 06:57 UTC
Output:
----------------------------------------------------------
Filters: scalloc Max size size
Randomness seeded to: 3103816060
===============================================================================
All tests passed (27 assertions in 1 test case)

<end of output>
Test time =   0.11 sec
----------------------------------------------------------
Test Passed.
"malloc_2.scalloc Max size size" end time: Jul 06 06:57 UTC
"malloc_2.scalloc Max size size" time elapsed: 00:00:00
----------------------------------------------------------

23/34 Testing: malloc_2.scalloc Max size both
23/34 Test: malloc_2.scalloc Max size both
Command: "/home/student/Wet/HW4/build/tests/malloc_2_test" "scalloc Max size both"
Directory: /home/student/Wet/HW4/build/tests
"malloc_2.scalloc Max size both" start time: Jul 06 06:57 UTC
Output:
----------------------------------------------------------
Filters: scalloc Max size both
Randomness seeded to: 2591477339
===============================================================================
All tests passed (35 assertions in 1 test case)

<end of output>
Test time =   0.08 sec
----------------------------------------------------------
Test Passed.
"malloc_2.scalloc Max size both" end time: Jul 06 06:57 UTC
"malloc_2.scalloc Max size both" time elapsed: 00:00:00
----------------------------------------------------------

24/34 Testing: malloc_2.realloc
24/34 Test: malloc_2.realloc
Command: "/home/student/Wet/HW4/build/tests/malloc_2_test" "realloc"
Directory: /home/student/Wet/HW4/build/tests
"malloc_2.realloc" start time: Jul 06 06:57 UTC
Output:
----------------------------------------------------------
Filters: realloc
Randomness seeded to: 3290207965
===============================================================================
All tests passed (36 assertions in 1 test case)

<end of output>
Test time =   0.01 sec
----------------------------------------------------------
Test Passed.
"malloc_2.realloc" end time: Jul 06 06:57 UTC
"malloc_2.realloc" time elapsed: 00:00:00
----------------------------------------------------------

25/34 Testing: malloc_2.realloc shrink
25/34 Test: malloc_2.realloc shrink
Command: "/home/student/Wet/HW4/build/tests/malloc_2_test" "realloc shrink"
Directory: /home/student/Wet/HW4/build/tests
"malloc_2.realloc shrink" start time: Jul 06 06:57 UTC
Output:
----------------------------------------------------------
Filters: realloc shrink
Randomness seeded to: 3616337228
===============================================================================
All tests passed (36 assertions in 1 test case)

<end of output>
Test time =   0.00 sec
----------------------------------------------------------
Test Passed.
"malloc_2.realloc shrink" end time: Jul 06 06:57 UTC
"malloc_2.realloc shrink" time elapsed: 00:00:00
----------------------------------------------------------

26/34 Testing: malloc_2.srealloc Max size
26/34 Test: malloc_2.srealloc Max size
Command: "/home/student/Wet/HW4/build/tests/malloc_2_test" "srealloc Max size"
Directory: /home/student/Wet/HW4/build/tests
"malloc_2.srealloc Max size" start time: Jul 06 06:57 UTC
Output:
----------------------------------------------------------
Filters: srealloc Max size
Randomness seeded to: 2025802352
===============================================================================
All tests passed (35 assertions in 1 test case)

<end of output>
Test time =   0.01 sec
----------------------------------------------------------
Test Passed.
"malloc_2.srealloc Max size" end time: Jul 06 06:57 UTC
"malloc_2.srealloc Max size" time elapsed: 00:00:00
----------------------------------------------------------

27/34 Testing: malloc_3.Challenge 0 - Memory Utilization
27/34 Test: malloc_3.Challenge 0 - Memory Utilization
Command: "/home/student/Wet/HW4/build/tests/malloc_3_test" "Challenge 0 - Memory Utilization"
Directory: /home/student/Wet/HW4/build/tests
"malloc_3.Challenge 0 - Memory Utilization" start time: Jul 06 06:57 UTC
Output:
----------------------------------------------------------
Filters: Challenge 0 - Memory Utilization
Randomness seeded to: 2759395878

~~~~~~~~~~~~~~~~~~~~~~~~~~~~~~~~~~~~~~~~~~~~~~~~~~~~~~~~~~~~~~~~~~~~~~~~~~~~~~~
malloc_3_test is a Catch2 v3.0.1 host application.
Run with -? for options

-------------------------------------------------------------------------------
Challenge 0 - Memory Utilization
-------------------------------------------------------------------------------
/home/student/Wet/HW4/tests/malloc_3_test_basic.cpp:96
...............................................................................

/home/student/Wet/HW4/tests/malloc_3_test_basic.cpp:85: FAILED:
  REQUIRE( _num_allocated_blocks() == __total_blocks )
with expansion:
  32 == 0

===============================================================================
test cases: 1 | 1 failed
assertions: 1 | 1 failed

<end of output>
Test time =   0.01 sec
----------------------------------------------------------
Test Failed.
"malloc_3.Challenge 0 - Memory Utilization" end time: Jul 06 06:57 UTC
"malloc_3.Challenge 0 - Memory Utilization" time elapsed: 00:00:00
----------------------------------------------------------

28/34 Testing: malloc_3.test all sizes
28/34 Test: malloc_3.test all sizes
Command: "/home/student/Wet/HW4/build/tests/malloc_3_test" "test all sizes"
Directory: /home/student/Wet/HW4/build/tests
"malloc_3.test all sizes" start time: Jul 06 06:57 UTC
Output:
----------------------------------------------------------
Filters: test all sizes
Randomness seeded to: 1365545444
===============================================================================
All tests passed (110 assertions in 1 test case)

<end of output>
Test time =   0.00 sec
----------------------------------------------------------
Test Passed.
"malloc_3.test all sizes" end time: Jul 06 06:57 UTC
"malloc_3.test all sizes" time elapsed: 00:00:00
----------------------------------------------------------

29/34 Testing: malloc_3.Finding buddies test
29/34 Test: malloc_3.Finding buddies test
Command: "/home/student/Wet/HW4/build/tests/malloc_3_test" "Finding buddies test"
Directory: /home/student/Wet/HW4/build/tests
"malloc_3.Finding buddies test" start time: Jul 06 06:57 UTC
Output:
----------------------------------------------------------
Filters: Finding buddies test
Randomness seeded to: 3090756311

~~~~~~~~~~~~~~~~~~~~~~~~~~~~~~~~~~~~~~~~~~~~~~~~~~~~~~~~~~~~~~~~~~~~~~~~~~~~~~~
malloc_3_test is a Catch2 v3.0.1 host application.
Run with -? for options

-------------------------------------------------------------------------------
Finding buddies test
-------------------------------------------------------------------------------
/home/student/Wet/HW4/tests/malloc_3_test_basic.cpp:190
...............................................................................

/home/student/Wet/HW4/tests/malloc_3_test_basic.cpp:190: FAILED:
  {Unknown expression after the reported line}
due to a fatal error condition:
  SIGSEGV - Segmentation violation signal

===============================================================================
test cases:   1 |   0 passed | 1 failed
assertions: 385 | 384 passed | 1 failed

<end of output>
Test time =   0.32 sec
----------------------------------------------------------
Test Failed.
"malloc_3.Finding buddies test" end time: Jul 06 06:57 UTC
"malloc_3.Finding buddies test" time elapsed: 00:00:00
----------------------------------------------------------

30/34 Testing: malloc_3.multiple big allocs test
30/34 Test: malloc_3.multiple big allocs test
Command: "/home/student/Wet/HW4/build/tests/malloc_3_test" "multiple big allocs test"
Directory: /home/student/Wet/HW4/build/tests
"malloc_3.multiple big allocs test" start time: Jul 06 06:57 UTC
Output:
----------------------------------------------------------
Filters: multiple big allocs test
Randomness seeded to: 4069293590
===============================================================================
All tests passed (1396 assertions in 1 test case)

<end of output>
Test time =   0.00 sec
----------------------------------------------------------
Test Passed.
"malloc_3.multiple big allocs test" end time: Jul 06 06:57 UTC
"malloc_3.multiple big allocs test" time elapsed: 00:00:00
----------------------------------------------------------

31/34 Testing: malloc_3.srealloc test
31/34 Test: malloc_3.srealloc test
Command: "/home/student/Wet/HW4/build/tests/malloc_3_test" "srealloc test"
Directory: /home/student/Wet/HW4/build/tests
"malloc_3.srealloc test" start time: Jul 06 06:57 UTC
Output:
----------------------------------------------------------
Filters: srealloc test
Randomness seeded to: 25221913

~~~~~~~~~~~~~~~~~~~~~~~~~~~~~~~~~~~~~~~~~~~~~~~~~~~~~~~~~~~~~~~~~~~~~~~~~~~~~~~
malloc_3_test is a Catch2 v3.0.1 host application.
Run with -? for options

-------------------------------------------------------------------------------
srealloc test
-------------------------------------------------------------------------------
/home/student/Wet/HW4/tests/malloc_3_test_basic.cpp:287
...............................................................................

/home/student/Wet/HW4/tests/malloc_3_test_basic.cpp:85: FAILED:
  REQUIRE( _num_allocated_blocks() == __total_blocks )
with expansion:
  43 == 42

===============================================================================
test cases:  1 |  0 passed | 1 failed
assertions: 14 | 13 passed | 1 failed

<end of output>
Test time =   0.00 sec
----------------------------------------------------------
Test Failed.
"malloc_3.srealloc test" end time: Jul 06 06:57 UTC
"malloc_3.srealloc test" time elapsed: 00:00:00
----------------------------------------------------------

32/34 Testing: malloc_3.scalloc test
32/34 Test: malloc_3.scalloc test
Command: "/home/student/Wet/HW4/build/tests/malloc_3_test" "scalloc test"
Directory: /home/student/Wet/HW4/build/tests
"malloc_3.scalloc test" start time: Jul 06 06:57 UTC
Output:
----------------------------------------------------------
Filters: scalloc test
Randomness seeded to: 3473417538
===============================================================================
All tests passed (27 assertions in 1 test case)

<end of output>
Test time =   0.00 sec
----------------------------------------------------------
Test Passed.
"malloc_3.scalloc test" end time: Jul 06 06:57 UTC
"malloc_3.scalloc test" time elapsed: 00:00:00
----------------------------------------------------------

33/34 Testing: malloc_3.srealloc merges test
33/34 Test: malloc_3.srealloc merges test
Command: "/home/student/Wet/HW4/build/tests/malloc_3_test" "srealloc merges test"
Directory: /home/student/Wet/HW4/build/tests
"malloc_3.srealloc merges test" start time: Jul 06 06:57 UTC
Output:
----------------------------------------------------------
Filters: srealloc merges test
Randomness seeded to: 2407402068

~~~~~~~~~~~~~~~~~~~~~~~~~~~~~~~~~~~~~~~~~~~~~~~~~~~~~~~~~~~~~~~~~~~~~~~~~~~~~~~
malloc_3_test is a Catch2 v3.0.1 host application.
Run with -? for options

-------------------------------------------------------------------------------
srealloc merges test
-------------------------------------------------------------------------------
/home/student/Wet/HW4/tests/malloc_3_test_basic.cpp:352
...............................................................................

/home/student/Wet/HW4/tests/malloc_3_test_basic.cpp:85: FAILED:
  REQUIRE( _num_allocated_blocks() == __total_blocks )
with expansion:
  42 == 40

===============================================================================
test cases: 1 | 1 failed
assertions: 8 | 7 passed | 1 failed

<end of output>
Test time =   0.00 sec
----------------------------------------------------------
Test Failed.
"malloc_3.srealloc merges test" end time: Jul 06 06:57 UTC
"malloc_3.srealloc merges test" time elapsed: 00:00:00
----------------------------------------------------------

34/34 Testing: malloc_3.weird values
34/34 Test: malloc_3.weird values
Command: "/home/student/Wet/HW4/build/tests/malloc_3_test" "weird values"
Directory: /home/student/Wet/HW4/build/tests
"malloc_3.weird values" start time: Jul 06 06:57 UTC
Output:
----------------------------------------------------------
Filters: weird values
Randomness seeded to: 3498808843

~~~~~~~~~~~~~~~~~~~~~~~~~~~~~~~~~~~~~~~~~~~~~~~~~~~~~~~~~~~~~~~~~~~~~~~~~~~~~~~
malloc_3_test is a Catch2 v3.0.1 host application.
Run with -? for options

-------------------------------------------------------------------------------
weird values
-------------------------------------------------------------------------------
/home/student/Wet/HW4/tests/malloc_3_test_basic.cpp:391
...............................................................................

/home/student/Wet/HW4/tests/malloc_3_test_basic.cpp:391: FAILED:
  {Unknown expression after the reported line}
due to a fatal error condition:
  SIGSEGV - Segmentation violation signal

===============================================================================
test cases: 1 | 1 failed
assertions: 7 | 6 passed | 1 failed

<end of output>
Test time =   0.13 sec
----------------------------------------------------------
Test Failed.
"malloc_3.weird values" end time: Jul 06 06:57 UTC
"malloc_3.weird values" time elapsed: 00:00:00
----------------------------------------------------------

End testing: Jul 06 06:57 UTC
